<?xml version="1.0" encoding="UTF-8"?>
<testng-results skipped="0" failed="0" ignored="0" total="1" passed="1">
  <reporter-output>
  </reporter-output>
  <suite name="Default suite" duration-ms="51811" started-at="2020-03-30T00:36:02 CST" finished-at="2020-03-30T00:36:54 CST">
    <groups>
      <group name="cucumber">
        <method signature="AbstractTestNGCucumberTests.runScenario(io.cucumber.testng.PickleWrapper, io.cucumber.testng.FeatureWrapper)[pri:0, instance:testRunners.FirstRunner@15d0c81b]" name="runScenario" class="io.cucumber.testng.AbstractTestNGCucumberTests"/>
      </group> <!-- cucumber -->
    </groups>
    <test name="Default test" duration-ms="51811" started-at="2020-03-30T00:36:02 CST" finished-at="2020-03-30T00:36:54 CST">
      <class name="testRunners.FirstRunner">
        <test-method status="PASS" signature="setUpClass()[pri:0, instance:testRunners.FirstRunner@15d0c81b]" name="setUpClass" is-config="true" duration-ms="274" started-at="2020-03-30T00:36:02 CST" finished-at="2020-03-30T00:36:02 CST">
          <reporter-output>
          </reporter-output>
        </test-method> <!-- setUpClass -->
        <test-method status="PASS" signature="runScenario(io.cucumber.testng.PickleWrapper, io.cucumber.testng.FeatureWrapper)[pri:0, instance:testRunners.FirstRunner@15d0c81b]" name="runScenario" duration-ms="51490" started-at="2020-03-30T00:36:02 CST" description="Runs Cucumber Scenarios" data-provider="scenarios" finished-at="2020-03-30T00:36:54 CST">
          <params>
            <param index="0">
              <value>
                <![CDATA["User should be able to proceed to checkout after adding products to their cart"]]>
              </value>
            </param>
            <param index="1">
              <value>
                <![CDATA["Shopping Functionality"]]>
              </value>
            </param>
          </params>
          <reporter-output>
          </reporter-output>
        </test-method> <!-- runScenario -->
        <test-method status="PASS" signature="tearDownClass()[pri:0, instance:testRunners.FirstRunner@15d0c81b]" name="tearDownClass" is-config="true" duration-ms="2" started-at="2020-03-30T00:36:54 CST" finished-at="2020-03-30T00:36:54 CST">
          <reporter-output>
          </reporter-output>
        </test-method> <!-- tearDownClass -->
      </class> <!-- testRunners.FirstRunner -->
    </test> <!-- Default test -->
  </suite> <!-- Default suite -->
</testng-results>
